[03/15/2024 20:43:10.410]: Converting project file Papercut.Installer.wixproj...
[03/15/2024 20:43:11.009]: Converting file: C:\Projects\Papercut\src\Papercut.Installer\Product.wxs...
[03/15/2024 20:43:11.022]: C:\Projects\Papercut\src\Papercut.Installer\Product.wxs : information WIX0005: [Converted] This file contains an XML declaration on the first line. (DeclarationPresent)
[03/15/2024 20:43:11.022]: C:\Projects\Papercut\src\Papercut.Installer\Product.wxs(1) : information WIX0009: [Converted] The namespace 'http://schemas.microsoft.com/wix/2006/wi' is out of date. It must be 'http://wixtoolset.org/schemas/v4/wxs'. (XmlnsValueWrong)
[03/15/2024 20:43:11.022]: C:\Projects\Papercut\src\Papercut.Installer\Product.wxs(1) : information WIX0009: [Converted] The namespace 'http://schemas.microsoft.com/wix/UtilExtension' is out of date. It must be 'http://wixtoolset.org/schemas/v4/wxs/util'. (XmlnsValueWrong)
[03/15/2024 20:43:11.022]: C:\Projects\Papercut\src\Papercut.Installer\Product.wxs(1) : information WIX0009: [Converted] The namespace 'http://schemas.microsoft.com/wix/FirewallExtension' is out of date. It must be 'http://wixtoolset.org/schemas/v4/wxs/firewall'. (XmlnsValueWrong)
[03/15/2024 20:43:11.022]: C:\Projects\Papercut\src\Papercut.Installer\Product.wxs(5) : information WIX0023: [Converted] Using '*' for the Product Id attribute is unnecessary. Remove the attribute to remove the redundancy. (AutoGuidUnnecessary)
[03/15/2024 20:43:11.022]: C:\Projects\Papercut\src\Papercut.Installer\Product.wxs(5) : information WIX0030: [Converted] The Product and Package elements have been renamed and reorganized for simplicity. (ProductAndPackageRenamed)
[03/15/2024 20:43:11.022]: C:\Projects\Papercut\src\Papercut.Installer\Product.wxs(24) : information WIX0042: [Converted] The RegistrySearch element's Win64 attribute has been renamed. Use the Bitness attribute instead. (Win64AttributeRenamed)
[03/15/2024 20:43:11.022]: *** ERROR ***: C:\Projects\Papercut\src\Papercut.Installer\Product.wxs : error WIX0043: Breaking change: The Win64 attribute's value '$(var.Win64)' cannot be converted automatically to the new Bitness attribute. See the conversion FAQ for more information: https://wixtoolset.org/docs/fourthree/faqs/#converting-packages (Win64AttributeRenameCannotBeAutomatic)
[03/15/2024 20:43:11.022]: C:\Projects\Papercut\src\Papercut.Installer\Product.wxs(28) : information WIX0042: [Converted] The RegistrySearch element's Win64 attribute has been renamed. Use the Bitness attribute instead. (Win64AttributeRenamed)
[03/15/2024 20:43:11.022]: *** ERROR ***: C:\Projects\Papercut\src\Papercut.Installer\Product.wxs : error WIX0043: Breaking change: The Win64 attribute's value '$(var.Win64)' cannot be converted automatically to the new Bitness attribute. See the conversion FAQ for more information: https://wixtoolset.org/docs/fourthree/faqs/#converting-packages (Win64AttributeRenameCannotBeAutomatic)
[03/15/2024 20:43:11.022]: C:\Projects\Papercut\src\Papercut.Installer\Product.wxs(36) : information WIX0022: [Converted] Using Custom element text is deprecated. Use the 'Condition' attribute instead. (InnerTextDeprecated)
[03/15/2024 20:43:11.022]: C:\Projects\Papercut\src\Papercut.Installer\Product.wxs : information WIX0058: [Converted] The TARGETDIR directory should no longer be explicitly defined. Remove the Directory element with Id attribute 'TARGETDIR'. (TargetDirDeprecated)
[03/15/2024 20:43:11.022]: C:\Projects\Papercut\src\Papercut.Installer\Product.wxs(68) : information WIX0059: [Converted] Standard directories such as 'CommonAppDataFolder' should no longer be defined using the Directory element. Use the StandardDirectory element instead. (DefiningStandardDirectoryDeprecated)
[03/15/2024 20:43:11.022]: C:\Projects\Papercut\src\Papercut.Installer\Product.wxs(76) : information WIX0059: [Converted] Standard directories such as 'ProgramMenuFolder' should no longer be defined using the Directory element. Use the StandardDirectory element instead. (DefiningStandardDirectoryDeprecated)
[03/15/2024 20:43:11.022]: C:\Projects\Papercut\src\Papercut.Installer\Product.wxs(83) : information WIX0023: [Converted] Using '*' for the Component Guid attribute is unnecessary. Remove the attribute to remove the redundancy. (AutoGuidUnnecessary)
[03/15/2024 20:43:11.022]: C:\Projects\Papercut\src\Papercut.Installer\Product.wxs(83) : information WIX0042: [Converted] The Component element's Win64 attribute has been renamed. Use the Bitness attribute instead. (Win64AttributeRenamed)
[03/15/2024 20:43:11.022]: *** ERROR ***: C:\Projects\Papercut\src\Papercut.Installer\Product.wxs : error WIX0043: Breaking change: The Win64 attribute's value '$(var.Win64)' cannot be converted automatically to the new Bitness attribute. See the conversion FAQ for more information: https://wixtoolset.org/docs/fourthree/faqs/#converting-packages (Win64AttributeRenameCannotBeAutomatic)
[03/15/2024 20:43:11.022]: C:\Projects\Papercut\src\Papercut.Installer\Product.wxs(84) : information WIX0012: [Converted] The file id is being updated to '$(var.AppBinPath)Papercut.exe' to ensure it remains the same as the v3 default (AssignAnonymousFileId)
[03/15/2024 20:43:11.022]: C:\Projects\Papercut\src\Papercut.Installer\Product.wxs(87) : information WIX0023: [Converted] Using '*' for the Component Guid attribute is unnecessary. Remove the attribute to remove the redundancy. (AutoGuidUnnecessary)
[03/15/2024 20:43:11.022]: C:\Projects\Papercut\src\Papercut.Installer\Product.wxs(87) : information WIX0042: [Converted] The Component element's Win64 attribute has been renamed. Use the Bitness attribute instead. (Win64AttributeRenamed)
[03/15/2024 20:43:11.022]: *** ERROR ***: C:\Projects\Papercut\src\Papercut.Installer\Product.wxs : error WIX0043: Breaking change: The Win64 attribute's value '$(var.Win64)' cannot be converted automatically to the new Bitness attribute. See the conversion FAQ for more information: https://wixtoolset.org/docs/fourthree/faqs/#converting-packages (Win64AttributeRenameCannotBeAutomatic)
[03/15/2024 20:43:11.022]: C:\Projects\Papercut\src\Papercut.Installer\Product.wxs(88) : information WIX0012: [Converted] The file id is being updated to '$(var.AppBinPath)Papercut.exe.config' to ensure it remains the same as the v3 default (AssignAnonymousFileId)
[03/15/2024 20:43:11.022]: C:\Projects\Papercut\src\Papercut.Installer\Product.wxs(91) : information WIX0023: [Converted] Using '*' for the Component Guid attribute is unnecessary. Remove the attribute to remove the redundancy. (AutoGuidUnnecessary)
[03/15/2024 20:43:11.022]: C:\Projects\Papercut\src\Papercut.Installer\Product.wxs(91) : information WIX0042: [Converted] The Component element's Win64 attribute has been renamed. Use the Bitness attribute instead. (Win64AttributeRenamed)
[03/15/2024 20:43:11.022]: *** ERROR ***: C:\Projects\Papercut\src\Papercut.Installer\Product.wxs : error WIX0043: Breaking change: The Win64 attribute's value '$(var.Win64)' cannot be converted automatically to the new Bitness attribute. See the conversion FAQ for more information: https://wixtoolset.org/docs/fourthree/faqs/#converting-packages (Win64AttributeRenameCannotBeAutomatic)
[03/15/2024 20:43:11.022]: C:\Projects\Papercut\src\Papercut.Installer\Product.wxs(92) : information WIX0012: [Converted] The file id is being updated to '$(var.AppBinPath)Papercut.exe.manifest' to ensure it remains the same as the v3 default (AssignAnonymousFileId)
[03/15/2024 20:43:11.022]: C:\Projects\Papercut\src\Papercut.Installer\Product.wxs(95) : information WIX0023: [Converted] Using '*' for the Component Guid attribute is unnecessary. Remove the attribute to remove the redundancy. (AutoGuidUnnecessary)
[03/15/2024 20:43:11.022]: C:\Projects\Papercut\src\Papercut.Installer\Product.wxs(95) : information WIX0042: [Converted] The Component element's Win64 attribute has been renamed. Use the Bitness attribute instead. (Win64AttributeRenamed)
[03/15/2024 20:43:11.022]: *** ERROR ***: C:\Projects\Papercut\src\Papercut.Installer\Product.wxs : error WIX0043: Breaking change: The Win64 attribute's value '$(var.Win64)' cannot be converted automatically to the new Bitness attribute. See the conversion FAQ for more information: https://wixtoolset.org/docs/fourthree/faqs/#converting-packages (Win64AttributeRenameCannotBeAutomatic)
[03/15/2024 20:43:11.022]: C:\Projects\Papercut\src\Papercut.Installer\Product.wxs(103) : information WIX0023: [Converted] Using '*' for the Component Guid attribute is unnecessary. Remove the attribute to remove the redundancy. (AutoGuidUnnecessary)
[03/15/2024 20:43:11.022]: C:\Projects\Papercut\src\Papercut.Installer\Product.wxs(103) : information WIX0042: [Converted] The Component element's Win64 attribute has been renamed. Use the Bitness attribute instead. (Win64AttributeRenamed)
[03/15/2024 20:43:11.022]: *** ERROR ***: C:\Projects\Papercut\src\Papercut.Installer\Product.wxs : error WIX0043: Breaking change: The Win64 attribute's value '$(var.Win64)' cannot be converted automatically to the new Bitness attribute. See the conversion FAQ for more information: https://wixtoolset.org/docs/fourthree/faqs/#converting-packages (Win64AttributeRenameCannotBeAutomatic)
[03/15/2024 20:43:11.022]: C:\Projects\Papercut\src\Papercut.Installer\Product.wxs(104) : information WIX0012: [Converted] The file id is being updated to '$(var.SrvBinPath)Papercut.Service.exe.config' to ensure it remains the same as the v3 default (AssignAnonymousFileId)
[03/15/2024 20:43:11.022]: C:\Projects\Papercut\src\Papercut.Installer\Product.wxs(107) : information WIX0023: [Converted] Using '*' for the Component Guid attribute is unnecessary. Remove the attribute to remove the redundancy. (AutoGuidUnnecessary)
[03/15/2024 20:43:11.022]: C:\Projects\Papercut\src\Papercut.Installer\Product.wxs(107) : information WIX0042: [Converted] The Component element's Win64 attribute has been renamed. Use the Bitness attribute instead. (Win64AttributeRenamed)
[03/15/2024 20:43:11.022]: *** ERROR ***: C:\Projects\Papercut\src\Papercut.Installer\Product.wxs : error WIX0043: Breaking change: The Win64 attribute's value '$(var.Win64)' cannot be converted automatically to the new Bitness attribute. See the conversion FAQ for more information: https://wixtoolset.org/docs/fourthree/faqs/#converting-packages (Win64AttributeRenameCannotBeAutomatic)
[03/15/2024 20:43:11.022]: C:\Projects\Papercut\src\Papercut.Installer\Product.wxs(108) : information WIX0012: [Converted] The file id is being updated to '$(var.SrvBinPath)Papercut.Service.Settings.json' to ensure it remains the same as the v3 default (AssignAnonymousFileId)
[03/15/2024 20:43:11.022]: C:\Projects\Papercut\src\Papercut.Installer\Product.wxs(113) : information WIX0023: [Converted] Using '*' for the Component Guid attribute is unnecessary. Remove the attribute to remove the redundancy. (AutoGuidUnnecessary)
[03/15/2024 20:43:11.022]: C:\Projects\Papercut\src\Papercut.Installer\Product.wxs(113) : information WIX0042: [Converted] The Component element's Win64 attribute has been renamed. Use the Bitness attribute instead. (Win64AttributeRenamed)
[03/15/2024 20:43:11.022]: *** ERROR ***: C:\Projects\Papercut\src\Papercut.Installer\Product.wxs : error WIX0043: Breaking change: The Win64 attribute's value '$(var.Win64)' cannot be converted automatically to the new Bitness attribute. See the conversion FAQ for more information: https://wixtoolset.org/docs/fourthree/faqs/#converting-packages (Win64AttributeRenameCannotBeAutomatic)
[03/15/2024 20:43:11.022]: C:\Projects\Papercut\src\Papercut.Installer\Product.wxs(114) : information WIX0012: [Converted] The file id is being updated to '$(var.AppBinPath)Readme.eml' to ensure it remains the same as the v3 default (AssignAnonymousFileId)
[03/15/2024 20:43:11.022]: C:\Projects\Papercut\src\Papercut.Installer\Product.wxs(119) : information WIX0023: [Converted] Using '*' for the Component Guid attribute is unnecessary. Remove the attribute to remove the redundancy. (AutoGuidUnnecessary)
[03/15/2024 20:43:11.022]: C:\Projects\Papercut\src\Papercut.Installer\Product.wxs(119) : information WIX0042: [Converted] The Component element's Win64 attribute has been renamed. Use the Bitness attribute instead. (Win64AttributeRenamed)
[03/15/2024 20:43:11.022]: *** ERROR ***: C:\Projects\Papercut\src\Papercut.Installer\Product.wxs : error WIX0043: Breaking change: The Win64 attribute's value '$(var.Win64)' cannot be converted automatically to the new Bitness attribute. See the conversion FAQ for more information: https://wixtoolset.org/docs/fourthree/faqs/#converting-packages (Win64AttributeRenameCannotBeAutomatic)
[03/15/2024 20:43:11.022]: C:\Projects\Papercut\src\Papercut.Installer\Product.wxs(120) : information WIX0012: [Converted] The file id is being updated to 'WebView2Loader.dll' to ensure it remains the same as the v3 default (AssignAnonymousFileId)
[03/15/2024 20:43:11.022]: C:\Projects\Papercut\src\Papercut.Installer\Product.wxs(125) : information WIX0042: [Converted] The Component element's Win64 attribute has been renamed. Use the Bitness attribute instead. (Win64AttributeRenamed)
[03/15/2024 20:43:11.022]: *** ERROR ***: C:\Projects\Papercut\src\Papercut.Installer\Product.wxs : error WIX0043: Breaking change: The Win64 attribute's value '$(var.Win64)' cannot be converted automatically to the new Bitness attribute. See the conversion FAQ for more information: https://wixtoolset.org/docs/fourthree/faqs/#converting-packages (Win64AttributeRenameCannotBeAutomatic)
[03/15/2024 20:43:11.022]: C:\Projects\Papercut\src\Papercut.Installer\Product.wxs(133) : information WIX0042: [Converted] The Component element's Win64 attribute has been renamed. Use the Bitness attribute instead. (Win64AttributeRenamed)
[03/15/2024 20:43:11.022]: *** ERROR ***: C:\Projects\Papercut\src\Papercut.Installer\Product.wxs : error WIX0043: Breaking change: The Win64 attribute's value '$(var.Win64)' cannot be converted automatically to the new Bitness attribute. See the conversion FAQ for more information: https://wixtoolset.org/docs/fourthree/faqs/#converting-packages (Win64AttributeRenameCannotBeAutomatic)
[03/15/2024 20:43:11.022]: C:\Projects\Papercut\src\Papercut.Installer\Product.wxs(141) : information WIX0042: [Converted] The Component element's Win64 attribute has been renamed. Use the Bitness attribute instead. (Win64AttributeRenamed)
[03/15/2024 20:43:11.022]: *** ERROR ***: C:\Projects\Papercut\src\Papercut.Installer\Product.wxs : error WIX0043: Breaking change: The Win64 attribute's value '$(var.Win64)' cannot be converted automatically to the new Bitness attribute. See the conversion FAQ for more information: https://wixtoolset.org/docs/fourthree/faqs/#converting-packages (Win64AttributeRenameCannotBeAutomatic)
[03/15/2024 20:43:11.022]: Converting file: C:\Projects\Papercut\src\Papercut.Installer\UI_FeatureTree.wxs...
[03/15/2024 20:43:11.024]: C:\Projects\Papercut\src\Papercut.Installer\UI_FeatureTree.wxs : information WIX0005: [Converted] This file contains an XML declaration on the first line. (DeclarationPresent)
[03/15/2024 20:43:11.024]: C:\Projects\Papercut\src\Papercut.Installer\UI_FeatureTree.wxs(22) : information WIX0009: [Converted] The namespace 'http://schemas.microsoft.com/wix/2006/wi' is out of date. It must be 'http://wixtoolset.org/schemas/v4/wxs'. (XmlnsValueWrong)
[03/15/2024 20:43:11.024]: C:\Projects\Papercut\src\Papercut.Installer\UI_FeatureTree.wxs(41) : information WIX0022: [Converted] Using Publish element text is deprecated. Use the 'Condition' attribute instead. (InnerTextDeprecated)
[03/15/2024 20:43:11.024]: C:\Projects\Papercut\src\Papercut.Installer\UI_FeatureTree.wxs(41) : information WIX0026: [Converted] Adding Condition='1' on Publish elements is no longer necessary. Remove the Condition attribute. (PublishConditionOneUnnecessary)
[03/15/2024 20:43:11.024]: C:\Projects\Papercut\src\Papercut.Installer\UI_FeatureTree.wxs(43) : information WIX0022: [Converted] Using Publish element text is deprecated. Use the 'Condition' attribute instead. (InnerTextDeprecated)
[03/15/2024 20:43:11.024]: C:\Projects\Papercut\src\Papercut.Installer\UI_FeatureTree.wxs(44) : information WIX0022: [Converted] Using Publish element text is deprecated. Use the 'Condition' attribute instead. (InnerTextDeprecated)
[03/15/2024 20:43:11.024]: C:\Projects\Papercut\src\Papercut.Installer\UI_FeatureTree.wxs(46) : information WIX0022: [Converted] Using Publish element text is deprecated. Use the 'Condition' attribute instead. (InnerTextDeprecated)
[03/15/2024 20:43:11.024]: C:\Projects\Papercut\src\Papercut.Installer\UI_FeatureTree.wxs(47) : information WIX0022: [Converted] Using Publish element text is deprecated. Use the 'Condition' attribute instead. (InnerTextDeprecated)
[03/15/2024 20:43:11.024]: C:\Projects\Papercut\src\Papercut.Installer\UI_FeatureTree.wxs(48) : information WIX0022: [Converted] Using Publish element text is deprecated. Use the 'Condition' attribute instead. (InnerTextDeprecated)
[03/15/2024 20:43:11.024]: C:\Projects\Papercut\src\Papercut.Installer\UI_FeatureTree.wxs(48) : information WIX0026: [Converted] Adding Condition='1' on Publish elements is no longer necessary. Remove the Condition attribute. (PublishConditionOneUnnecessary)
[03/15/2024 20:43:11.024]: C:\Projects\Papercut\src\Papercut.Installer\UI_FeatureTree.wxs(50) : information WIX0022: [Converted] Using Publish element text is deprecated. Use the 'Condition' attribute instead. (InnerTextDeprecated)
[03/15/2024 20:43:11.024]: C:\Projects\Papercut\src\Papercut.Installer\UI_FeatureTree.wxs(51) : information WIX0022: [Converted] Using Publish element text is deprecated. Use the 'Condition' attribute instead. (InnerTextDeprecated)
[03/15/2024 20:43:11.024]: C:\Projects\Papercut\src\Papercut.Installer\UI_FeatureTree.wxs(52) : information WIX0022: [Converted] Using Publish element text is deprecated. Use the 'Condition' attribute instead. (InnerTextDeprecated)
[03/15/2024 20:43:11.024]: C:\Projects\Papercut\src\Papercut.Installer\UI_FeatureTree.wxs(54) : information WIX0022: [Converted] Using Publish element text is deprecated. Use the 'Condition' attribute instead. (InnerTextDeprecated)
[03/15/2024 20:43:11.024]: C:\Projects\Papercut\src\Papercut.Installer\UI_FeatureTree.wxs(54) : information WIX0026: [Converted] Adding Condition='1' on Publish elements is no longer necessary. Remove the Condition attribute. (PublishConditionOneUnnecessary)
[03/15/2024 20:43:11.024]: C:\Projects\Papercut\src\Papercut.Installer\UI_FeatureTree.wxs(56) : information WIX0022: [Converted] Using Publish element text is deprecated. Use the 'Condition' attribute instead. (InnerTextDeprecated)
[03/15/2024 20:43:11.024]: C:\Projects\Papercut\src\Papercut.Installer\UI_FeatureTree.wxs(56) : information WIX0026: [Converted] Adding Condition='1' on Publish elements is no longer necessary. Remove the Condition attribute. (PublishConditionOneUnnecessary)
[03/15/2024 20:43:11.024]: C:\Projects\Papercut\src\Papercut.Installer\UI_FeatureTree.wxs(57) : information WIX0022: [Converted] Using Publish element text is deprecated. Use the 'Condition' attribute instead. (InnerTextDeprecated)
[03/15/2024 20:43:11.024]: C:\Projects\Papercut\src\Papercut.Installer\UI_FeatureTree.wxs(57) : information WIX0026: [Converted] Adding Condition='1' on Publish elements is no longer necessary. Remove the Condition attribute. (PublishConditionOneUnnecessary)
[03/15/2024 20:43:11.024]: C:\Projects\Papercut\src\Papercut.Installer\UI_FeatureTree.wxs(58) : information WIX0022: [Converted] Using Publish element text is deprecated. Use the 'Condition' attribute instead. (InnerTextDeprecated)
[03/15/2024 20:43:11.024]: C:\Projects\Papercut\src\Papercut.Installer\UI_FeatureTree.wxs(58) : information WIX0026: [Converted] Adding Condition='1' on Publish elements is no longer necessary. Remove the Condition attribute. (PublishConditionOneUnnecessary)
[03/15/2024 20:43:11.024]: C:\Projects\Papercut\src\Papercut.Installer\UI_FeatureTree.wxs(59) : information WIX0022: [Converted] Using Publish element text is deprecated. Use the 'Condition' attribute instead. (InnerTextDeprecated)
[03/15/2024 20:43:11.024]: C:\Projects\Papercut\src\Papercut.Installer\UI_FeatureTree.wxs(59) : information WIX0026: [Converted] Adding Condition='1' on Publish elements is no longer necessary. Remove the Condition attribute. (PublishConditionOneUnnecessary)
[03/15/2024 20:43:11.024]: Converting file: C:\Projects\Papercut\src\Papercut.Installer\PapercutVars.wxi...
[03/15/2024 20:43:11.025]: C:\Projects\Papercut\src\Papercut.Installer\PapercutVars.wxi : information WIX0005: [Converted] This file contains an XML declaration on the first line. (DeclarationPresent)
[03/15/2024 20:43:11.025]: C:\Projects\Papercut\src\Papercut.Installer\PapercutVars.wxi(1) : information WIX0008: [Converted] The xmlns attribute is missing. It must be present with a value of 'http://wixtoolset.org/schemas/v4/wxs'. (XmlnsMissing)
[03/15/2024 20:43:11.025]: ---- Project Papercut.Installer: Converted 3 files.
[03/15/2024 20:43:11.025]: ---- Total time: 00.621
[03/15/2024 20:43:11.025]: ========== Import complete:  13 errors, 0 warnings
