[03/15/2024 20:43:17.186]: Converting project file Papercut.Bootstrapper.wixproj...
[03/15/2024 20:43:17.347]: Converting file: C:\Projects\Papercut\src\Papercut.Bootstrapper\Bundle.wxs...
[03/15/2024 20:43:17.353]: C:\Projects\Papercut\src\Papercut.Bootstrapper\Bundle.wxs : information WIX0005: [Converted] This file contains an XML declaration on the first line. (DeclarationPresent)
[03/15/2024 20:43:17.354]: C:\Projects\Papercut\src\Papercut.Bootstrapper\Bundle.wxs(1) : information WIX0009: [Converted] The namespace 'http://schemas.microsoft.com/wix/2006/wi' is out of date. It must be 'http://wixtoolset.org/schemas/v4/wxs'. (XmlnsValueWrong)
[03/15/2024 20:43:17.355]: C:\Projects\Papercut\src\Papercut.Bootstrapper\Bundle.wxs(1) : information WIX0009: [Converted] The namespace 'http://schemas.microsoft.com/wix/UtilExtension' is out of date. It must be 'http://wixtoolset.org/schemas/v4/wxs/util'. (XmlnsValueWrong)
[03/15/2024 20:43:17.355]: C:\Projects\Papercut\src\Papercut.Bootstrapper\Bundle.wxs : information WIX0009: [Converted] The namespace 'http://schemas.microsoft.com/wix/NetFxExtension' is out of date. It must be 'http://wixtoolset.org/schemas/v4/wxs/netfx'. (XmlnsValueWrong)
[03/15/2024 20:43:17.355]: C:\Projects\Papercut\src\Papercut.Bootstrapper\Bundle.wxs(1) : information WIX0009: [Converted] The namespace 'http://schemas.microsoft.com/wix/BalExtension' is out of date. It must be 'http://wixtoolset.org/schemas/v4/wxs/bal'. (XmlnsValueWrong)
[03/15/2024 20:43:17.355]: C:\Projects\Papercut\src\Papercut.Bootstrapper\Bundle.wxs(6) : information WIX0040: [Converted] Built-in bootstrapper applications must be referenced through their custom element (BalBootstrapperApplicationRefToElement)
[03/15/2024 20:43:17.355]: C:\Projects\Papercut\src\Papercut.Bootstrapper\Bundle.wxs(10) : information WIX0028: [Converted] The "string" variable type now denotes a literal string. Use "formatted" to keep the previous behavior. (AssignVariableTypeFormatted)
[03/15/2024 20:43:17.355]: C:\Projects\Papercut\src\Papercut.Bootstrapper\Bundle.wxs(11) : information WIX0028: [Converted] The "string" variable type now denotes a literal string. Use "formatted" to keep the previous behavior. (AssignVariableTypeFormatted)
[03/15/2024 20:43:17.355]: C:\Projects\Papercut\src\Papercut.Bootstrapper\Bundle.wxs(18) : information WIX0061: [Converted] The chain package element 'Cache' attribute contains obsolete 'no' value. The value should be 'remove' instead. (BundlePackageCacheAttributeValueObsolete)
[03/15/2024 20:43:17.355]: C:\Projects\Papercut\src\Papercut.Bootstrapper\Bundle.wxs(18) : information WIX0041: [Converted] The ExePackage element InstallCommand attribute has been renamed InstallArguments. (RenameExePackageCommandToArguments)
[03/15/2024 20:43:17.355]: C:\Projects\Papercut\src\Papercut.Bootstrapper\Bundle.wxs(19) : information WIX0047: [Converted] The RemotePayload element has been renamed. Use the 'ExePackagePayload' instead. (RemotePayloadRenamed)
[03/15/2024 20:43:17.355]: C:\Projects\Papercut\src\Papercut.Bootstrapper\Bundle.wxs(18) : information WIX0048: [Converted] The Name attribute must be specified on the child XxxPackagePayload element when using a remote payload. (NameAttributeMovedToRemotePayload)
[03/15/2024 20:43:17.355]: C:\Projects\Papercut\src\Papercut.Bootstrapper\Bundle.wxs(18) : information WIX0050: [Converted] The DownloadUrl attribute must be specified on the child XxxPackagePayload element when using a remote payload. (DownloadUrlAttributeMovedToRemotePayload)
[03/15/2024 20:43:17.355]: C:\Projects\Papercut\src\Papercut.Bootstrapper\Bundle.wxs(18) : information WIX0049: [Converted] The Compressed attribute should not be specified when using a remote payload. (CompressedAttributeUnnecessaryForRemotePayload)
[03/15/2024 20:43:17.355]: C:\Projects\Papercut\src\Papercut.Bootstrapper\Bundle.wxs(19) : information WIX0051: [Converted] The hash algorithm for bundles changed from SHA1 to SHA512. (BurnHashAlgorithmChanged)
[03/15/2024 20:43:17.355]: *** ERROR ***: C:\Projects\Papercut\src\Papercut.Bootstrapper\Bundle.wxs(24) : error WIX0034: The DisplayInternalUI functionality has fundamentally changed and requires BootstrapperApplication support. See the conversion FAQ for more information: https://wixtoolset.org/docs/fourthree/faqs/#converting-bundles (DisplayInternalUiNotConvertable)
[03/15/2024 20:43:17.355]: C:\Projects\Papercut\src\Papercut.Bootstrapper\Bundle.wxs : information WIX0046: [Converted] The namespace 'http://wixtoolset.org/schemas/v4/wxs/netfx' is not used. Remove unused namespaces. (RemoveUnusedNamespaces)
[03/15/2024 20:43:17.355]: Converting file: C:\Projects\Papercut\src\Papercut.Bootstrapper\NetFx48.wxs...
[03/15/2024 20:43:17.357]: C:\Projects\Papercut\src\Papercut.Bootstrapper\NetFx48.wxs : information WIX0005: [Converted] This file contains an XML declaration on the first line. (DeclarationPresent)
[03/15/2024 20:43:17.357]: C:\Projects\Papercut\src\Papercut.Bootstrapper\NetFx48.wxs(3) : information WIX0009: [Converted] The namespace 'http://schemas.microsoft.com/wix/2006/wi' is out of date. It must be 'http://wixtoolset.org/schemas/v4/wxs'. (XmlnsValueWrong)
[03/15/2024 20:43:17.357]: C:\Projects\Papercut\src\Papercut.Bootstrapper\NetFx48.wxs(3) : information WIX0009: [Converted] The namespace 'http://schemas.microsoft.com/wix/UtilExtension' is out of date. It must be 'http://wixtoolset.org/schemas/v4/wxs/util'. (XmlnsValueWrong)
[03/15/2024 20:43:17.357]: C:\Projects\Papercut\src\Papercut.Bootstrapper\NetFx48.wxs(19) : information WIX0022: [Converted] Using SetProperty element text is deprecated. Use the 'Condition' attribute instead. (InnerTextDeprecated)
[03/15/2024 20:43:17.357]: C:\Projects\Papercut\src\Papercut.Bootstrapper\NetFx48.wxs(32) : information WIX0041: [Converted] The ExePackage element InstallCommand attribute has been renamed InstallArguments. (RenameExePackageCommandToArguments)
[03/15/2024 20:43:17.357]: C:\Projects\Papercut\src\Papercut.Bootstrapper\NetFx48.wxs(32) : information WIX0041: [Converted] The ExePackage element RepairCommand attribute has been renamed RepairArguments. (RenameExePackageCommandToArguments)
[03/15/2024 20:43:17.357]: C:\Projects\Papercut\src\Papercut.Bootstrapper\NetFx48.wxs(32) : information WIX0041: [Converted] The ExePackage element UninstallCommand attribute has been renamed UninstallArguments. (RenameExePackageCommandToArguments)
[03/15/2024 20:43:17.357]: C:\Projects\Papercut\src\Papercut.Bootstrapper\NetFx48.wxs(33) : information WIX0047: [Converted] The RemotePayload element has been renamed. Use the 'ExePackagePayload' instead. (RemotePayloadRenamed)
[03/15/2024 20:43:17.357]: C:\Projects\Papercut\src\Papercut.Bootstrapper\NetFx48.wxs(32) : information WIX0048: [Converted] The Name attribute must be specified on the child XxxPackagePayload element when using a remote payload. (NameAttributeMovedToRemotePayload)
[03/15/2024 20:43:17.357]: C:\Projects\Papercut\src\Papercut.Bootstrapper\NetFx48.wxs(32) : information WIX0050: [Converted] The DownloadUrl attribute must be specified on the child XxxPackagePayload element when using a remote payload. (DownloadUrlAttributeMovedToRemotePayload)
[03/15/2024 20:43:17.357]: C:\Projects\Papercut\src\Papercut.Bootstrapper\NetFx48.wxs(32) : information WIX0049: [Converted] The Compressed attribute should not be specified when using a remote payload. (CompressedAttributeUnnecessaryForRemotePayload)
[03/15/2024 20:43:17.357]: C:\Projects\Papercut\src\Papercut.Bootstrapper\NetFx48.wxs(33) : information WIX0051: [Converted] The hash algorithm for bundles changed from SHA1 to SHA512. (BurnHashAlgorithmChanged)
[03/15/2024 20:43:17.357]: C:\Projects\Papercut\src\Papercut.Bootstrapper\NetFx48.wxs(48) : information WIX0041: [Converted] The ExePackage element InstallCommand attribute has been renamed InstallArguments. (RenameExePackageCommandToArguments)
[03/15/2024 20:43:17.357]: C:\Projects\Papercut\src\Papercut.Bootstrapper\NetFx48.wxs(48) : information WIX0041: [Converted] The ExePackage element RepairCommand attribute has been renamed RepairArguments. (RenameExePackageCommandToArguments)
[03/15/2024 20:43:17.357]: C:\Projects\Papercut\src\Papercut.Bootstrapper\NetFx48.wxs(48) : information WIX0041: [Converted] The ExePackage element UninstallCommand attribute has been renamed UninstallArguments. (RenameExePackageCommandToArguments)
[03/15/2024 20:43:17.357]: C:\Projects\Papercut\src\Papercut.Bootstrapper\NetFx48.wxs(49) : information WIX0047: [Converted] The RemotePayload element has been renamed. Use the 'ExePackagePayload' instead. (RemotePayloadRenamed)
[03/15/2024 20:43:17.357]: C:\Projects\Papercut\src\Papercut.Bootstrapper\NetFx48.wxs(48) : information WIX0048: [Converted] The Name attribute must be specified on the child XxxPackagePayload element when using a remote payload. (NameAttributeMovedToRemotePayload)
[03/15/2024 20:43:17.357]: C:\Projects\Papercut\src\Papercut.Bootstrapper\NetFx48.wxs(48) : information WIX0050: [Converted] The DownloadUrl attribute must be specified on the child XxxPackagePayload element when using a remote payload. (DownloadUrlAttributeMovedToRemotePayload)
[03/15/2024 20:43:17.357]: C:\Projects\Papercut\src\Papercut.Bootstrapper\NetFx48.wxs(48) : information WIX0049: [Converted] The Compressed attribute should not be specified when using a remote payload. (CompressedAttributeUnnecessaryForRemotePayload)
[03/15/2024 20:43:17.357]: C:\Projects\Papercut\src\Papercut.Bootstrapper\NetFx48.wxs(49) : information WIX0051: [Converted] The hash algorithm for bundles changed from SHA1 to SHA512. (BurnHashAlgorithmChanged)
[03/15/2024 20:43:17.357]: *** ERROR ***: C:\Projects\Papercut\src\Papercut.Bootstrapper\NetFx48.wxs(25) : error WIX0069: The magic WixVariable 'WixMbaPrereqPackageId' has been removed. Add bal:PrereqPackage="yes" to the target package instead. See the conversion FAQ for more information: https://wixtoolset.org/docs/fourthree/faqs/#converting-bundles (WixMbaPrereqPackageIdDeprecated)
[03/15/2024 20:43:17.357]: *** ERROR ***: C:\Projects\Papercut\src\Papercut.Bootstrapper\NetFx48.wxs(41) : error WIX0069: The magic WixVariable 'WixMbaPrereqPackageId' has been removed. Add bal:PrereqPackage="yes" to the target package instead. See the conversion FAQ for more information: https://wixtoolset.org/docs/fourthree/faqs/#converting-bundles (WixMbaPrereqPackageIdDeprecated)
[03/15/2024 20:43:17.357]: *** ERROR ***: C:\Projects\Papercut\src\Papercut.Bootstrapper\NetFx48.wxs(26) : error WIX0068: The magic WixVariable 'WixMbaPrereqLicenseUrl' has been removed. Add bal:PrereqLicenseUrl="<url>" to a prereq package instead. See the conversion FAQ for more information: https://wixtoolset.org/docs/fourthree/faqs/#converting-bundles (WixMbaPrereqLicenseUrlDeprecated)
[03/15/2024 20:43:17.357]: *** ERROR ***: C:\Projects\Papercut\src\Papercut.Bootstrapper\NetFx48.wxs(42) : error WIX0068: The magic WixVariable 'WixMbaPrereqLicenseUrl' has been removed. Add bal:PrereqLicenseUrl="<url>" to a prereq package instead. See the conversion FAQ for more information: https://wixtoolset.org/docs/fourthree/faqs/#converting-bundles (WixMbaPrereqLicenseUrlDeprecated)
[03/15/2024 20:43:17.357]: Converting file: C:\Projects\Papercut\src\Papercut.Bootstrapper\PapercutVars.wxi...
[03/15/2024 20:43:17.358]: C:\Projects\Papercut\src\Papercut.Bootstrapper\PapercutVars.wxi : information WIX0005: [Converted] This file contains an XML declaration on the first line. (DeclarationPresent)
[03/15/2024 20:43:17.358]: C:\Projects\Papercut\src\Papercut.Bootstrapper\PapercutVars.wxi(1) : information WIX0008: [Converted] The xmlns attribute is missing. It must be present with a value of 'http://wixtoolset.org/schemas/v4/wxs'. (XmlnsMissing)
[03/15/2024 20:43:17.358]: ---- Project Papercut.Bootstrapper: Converted 3 files.
[03/15/2024 20:43:17.358]: ---- Total time: 00.172
[03/15/2024 20:43:17.358]: ========== Import complete:  5 errors, 0 warnings
